# JRE version: Java(TM) SE Runtime Environment (8.0_181-b13) (build 1.8.0_181-b13)
# Java VM: Java HotSpot(TM) 64-Bit Server VM (25.181-b13 mixed mode windows-amd64 compressed oops)
Heap:
 PSYoungGen      total 126464K, used 46040K [0x00000000eab00000, 0x00000000f7280000, 0x0000000100000000)
  eden space 82432K, 2% used [0x00000000eab00000,0x00000000eacf9940,0x00000000efb80000)
  from space 44032K, 99% used [0x00000000f3080000,0x00000000f5b7c9a0,0x00000000f5b80000)
  to   space 54272K, 0% used [0x00000000efb80000,0x00000000efb80000,0x00000000f3080000)
 ParOldGen       total 82944K, used 62614K [0x00000000c0000000, 0x00000000c5100000, 0x00000000eab00000)
  object space 82944K, 75% used [0x00000000c0000000,0x00000000c3d25988,0x00000000c5100000)
 Metaspace       used 8664K, capacity 8810K, committed 8960K, reserved 1056768K
  class space    used 877K, capacity 953K, committed 1024K, reserved 1048576K
GC Heap History (10 events):
Event: 6.542 GC heap before
{Heap before GC invocations=5 (full 0):
 PSYoungGen      total 35328K, used 35303K [0x00000000eab00000, 0x00000000ed000000, 0x0000000100000000)
  eden space 32768K, 100% used [0x00000000eab00000,0x00000000ecb00000,0x00000000ecb00000)
  from space 2560K, 99% used [0x00000000ecd80000,0x00000000ecff9ce8,0x00000000ed000000)
  to   space 2560K, 0% used [0x00000000ecb00000,0x00000000ecb00000,0x00000000ecd80000)
 ParOldGen       total 44032K, used 3586K [0x00000000c0000000, 0x00000000c2b00000, 0x00000000eab00000)
  object space 44032K, 8% used [0x00000000c0000000,0x00000000c03809b0,0x00000000c2b00000)
 Metaspace       used 8327K, capacity 8490K, committed 8704K, reserved 1056768K
  class space    used 874K, capacity 953K, committed 1024K, reserved 1048576K
Event: 6.627 GC heap after
Heap after GC invocations=5 (full 0):
 PSYoungGen      total 35328K, used 2532K [0x00000000eab00000, 0x00000000f1300000, 0x0000000100000000)
  eden space 32768K, 0% used [0x00000000eab00000,0x00000000eab00000,0x00000000ecb00000)
  from space 2560K, 98% used [0x00000000ecb00000,0x00000000ecd792d0,0x00000000ecd80000)
  to   space 20480K, 0% used [0x00000000eff00000,0x00000000eff00000,0x00000000f1300000)
 ParOldGen       total 44032K, used 26778K [0x00000000c0000000, 0x00000000c2b00000, 0x00000000eab00000)
  object space 44032K, 60% used [0x00000000c0000000,0x00000000c1a26ae8,0x00000000c2b00000)
 Metaspace       used 8327K, capacity 8490K, committed 8704K, reserved 1056768K
  class space    used 874K, capacity 953K, committed 1024K, reserved 1048576K
}
Event: 11.739 GC heap before
{Heap before GC invocations=6 (full 0):
 PSYoungGen      total 35328K, used 35300K [0x00000000eab00000, 0x00000000f1300000, 0x0000000100000000)
  eden space 32768K, 100% used [0x00000000eab00000,0x00000000ecb00000,0x00000000ecb00000)
  from space 2560K, 98% used [0x00000000ecb00000,0x00000000ecd792d0,0x00000000ecd80000)
  to   space 20480K, 0% used [0x00000000eff00000,0x00000000eff00000,0x00000000f1300000)
 ParOldGen       total 44032K, used 26778K [0x00000000c0000000, 0x00000000c2b00000, 0x00000000eab00000)
  object space 44032K, 60% used [0x00000000c0000000,0x00000000c1a26ae8,0x00000000c2b00000)
 Metaspace       used 8637K, capacity 8810K, committed 8960K, reserved 1056768K
  class space    used 877K, capacity 953K, committed 1024K, reserved 1048576K
Event: 11.818 GC heap after
Heap after GC invocations=6 (full 0):
 PSYoungGen      total 77312K, used 20466K [0x00000000eab00000, 0x00000000f2400000, 0x0000000100000000)
  eden space 56832K, 0% used [0x00000000eab00000,0x00000000eab00000,0x00000000ee280000)
  from space 20480K, 99% used [0x00000000eff00000,0x00000000f12fc888,0x00000000f1300000)
  to   space 29184K, 0% used [0x00000000ee280000,0x00000000ee280000,0x00000000eff00000)
 ParOldGen       total 44032K, used 33429K [0x00000000c0000000, 0x00000000c2b00000, 0x00000000eab00000)
  object space 44032K, 75% used [0x00000000c0000000,0x00000000c20a5668,0x00000000c2b00000)
 Metaspace       used 8637K, capacity 8810K, committed 8960K, reserved 1056768K
  class space    used 877K, capacity 953K, committed 1024K, reserved 1048576K
}
Event: 11.818 GC heap before
{Heap before GC invocations=7 (full 1):
 PSYoungGen      total 77312K, used 20466K [0x00000000eab00000, 0x00000000f2400000, 0x0000000100000000)
  eden space 56832K, 0% used [0x00000000eab00000,0x00000000eab00000,0x00000000ee280000)
  from space 20480K, 99% used [0x00000000eff00000,0x00000000f12fc888,0x00000000f1300000)
  to   space 29184K, 0% used [0x00000000ee280000,0x00000000ee280000,0x00000000eff00000)
 ParOldGen       total 44032K, used 33429K [0x00000000c0000000, 0x00000000c2b00000, 0x00000000eab00000)
  object space 44032K, 75% used [0x00000000c0000000,0x00000000c20a5668,0x00000000c2b00000)
 Metaspace       used 8637K, capacity 8810K, committed 8960K, reserved 1056768K
  class space    used 877K, capacity 953K, committed 1024K, reserved 1048576K
Event: 11.945 GC heap after
Heap after GC invocations=7 (full 1):
 PSYoungGen      total 77312K, used 8667K [0x00000000eab00000, 0x00000000f2400000, 0x0000000100000000)
  eden space 56832K, 0% used [0x00000000eab00000,0x00000000eab00000,0x00000000ee280000)
  from space 20480K, 42% used [0x00000000eff00000,0x00000000f0776e20,0x00000000f1300000)
  to   space 29184K, 0% used [0x00000000ee280000,0x00000000ee280000,0x00000000eff00000)
 ParOldGen       total 82944K, used 43582K [0x00000000c0000000, 0x00000000c5100000, 0x00000000eab00000)
  object space 82944K, 52% used [0x00000000c0000000,0x00000000c2a8f8b8,0x00000000c5100000)
 Metaspace       used 8637K, capacity 8810K, committed 8960K, reserved 1056768K
  class space    used 877K, capacity 953K, committed 1024K, reserved 1048576K
}
Event: 19.475 GC heap before
{Heap before GC invocations=8 (full 1):
 PSYoungGen      total 77312K, used 65499K [0x00000000eab00000, 0x00000000f2400000, 0x0000000100000000)
  eden space 56832K, 100% used [0x00000000eab00000,0x00000000ee280000,0x00000000ee280000)
  from space 20480K, 42% used [0x00000000eff00000,0x00000000f0776e20,0x00000000f1300000)
  to   space 29184K, 0% used [0x00000000ee280000,0x00000000ee280000,0x00000000eff00000)
 ParOldGen       total 82944K, used 43582K [0x00000000c0000000, 0x00000000c5100000, 0x00000000eab00000)
  object space 82944K, 52% used [0x00000000c0000000,0x00000000c2a8f8b8,0x00000000c5100000)
 Metaspace       used 8662K, capacity 8810K, committed 8960K, reserved 1056768K
  class space    used 877K, capacity 953K, committed 1024K, reserved 1048576K
Event: 19.664 GC heap after
Heap after GC invocations=8 (full 1):
 PSYoungGen      total 86016K, used 29164K [0x00000000eab00000, 0x00000000f5b80000, 0x0000000100000000)
  eden space 56832K, 0% used [0x00000000eab00000,0x00000000eab00000,0x00000000ee280000)
  from space 29184K, 99% used [0x00000000ee280000,0x00000000efefb0c0,0x00000000eff00000)
  to   space 44032K, 0% used [0x00000000f3080000,0x00000000f3080000,0x00000000f5b80000)
 ParOldGen       total 82944K, used 60125K [0x00000000c0000000, 0x00000000c5100000, 0x00000000eab00000)
  object space 82944K, 72% used [0x00000000c0000000,0x00000000c3ab7538,0x00000000c5100000)
 Metaspace       used 8662K, capacity 8810K, committed 8960K, reserved 1056768K
  class space    used 877K, capacity 953K, committed 1024K, reserved 1048576K
}
Event: 26.598 GC heap before
{Heap before GC invocations=9 (full 1):
 PSYoungGen      total 86016K, used 85996K [0x00000000eab00000, 0x00000000f5b80000, 0x0000000100000000)
  eden space 56832K, 100% used [0x00000000eab00000,0x00000000ee280000,0x00000000ee280000)
  from space 29184K, 99% used [0x00000000ee280000,0x00000000efefb0c0,0x00000000eff00000)
  to   space 44032K, 0% used [0x00000000f3080000,0x00000000f3080000,0x00000000f5b80000)
 ParOldGen       total 82944K, used 60125K [0x00000000c0000000, 0x00000000c5100000, 0x00000000eab00000)
  object space 82944K, 72% used [0x00000000c0000000,0x00000000c3ab7538,0x00000000c5100000)
 Metaspace       used 8664K, capacity 8810K, committed 8960K, reserved 1056768K
  class space    used 877K, capacity 953K, committed 1024K, reserved 1048576K
Event: 26.859 GC heap after
Heap after GC invocations=9 (full 1):
 PSYoungGen      total 126464K, used 44018K [0x00000000eab00000, 0x00000000f7280000, 0x0000000100000000)
  eden space 82432K, 0% used [0x00000000eab00000,0x00000000eab00000,0x00000000efb80000)
  from space 44032K, 99% used [0x00000000f3080000,0x00000000f5b7c9a0,0x00000000f5b80000)
  to   space 54272K, 0% used [0x00000000efb80000,0x00000000efb80000,0x00000000f3080000)
 ParOldGen       total 82944K, used 62614K [0x00000000c0000000, 0x00000000c5100000, 0x00000000eab00000)
  object space 82944K, 75% used [0x00000000c0000000,0x00000000c3d25988,0x00000000c5100000)
 Metaspace       used 8664K, capacity 8810K, committed 8960K, reserved 1056768K
  class space    used 877K, capacity 953K, committed 1024K, reserved 1048576K
}

